<?xml version="1.0" encoding="UTF-8"?>
<!-- Generated by org.testng.reporters.JUnitXMLReporter -->
<testsuite ignored="0" hostname="MSI" failures="0" tests="6" name="Test" time="8.858" errors="0" timestamp="2021-04-18T18:34:21 IST">
  <testcase classname="Btes_HRMTest.LoginTest" name="Avail_Funct_Button" time="0.099"/>
  <testcase classname="Btes_HRMTest.LoginTest" name="Check_title" time="0.006"/>
  <testcase classname="Btes_HRMTest.LoginTest" name="Invlogin_user" time="1.316"/>
  <testcase classname="Btes_HRMTest.LoginTest" name="Invlogin_user1" time="1.322"/>
  <testcase classname="Btes_HRMTest.LoginTest" name="login_user" time="1.358"/>
  <testcase classname="Btes_HRMTest.HomepageTest" name="Check_Home_page" time="4.719"/>
</testsuite> <!-- Test -->
