<?xml version="1.0" encoding="UTF-8"?>
<!-- Generated by org.testng.reporters.JUnitXMLReporter -->
<testsuite ignored="0" hostname="MSI" failures="0" tests="2" name="Test" time="0.066" errors="0" timestamp="2021-04-15T10:01:03 IST">
  <testcase classname="Btes_HRMTest.LoginTest" name="@BeforeSuite Launch" time="0.062">
    <failure type="java.lang.NullPointerException">
      <![CDATA[java.lang.NullPointerException
at java.base/java.util.Objects.requireNonNull(Objects.java:208)
at org.openqa.selenium.interactions.Actions.<init>(Actions.java:65)
at Btes_HRMTestBase.Testbase.intilization(Testbase.java:41)
at Btes_HRMTest.LoginTest.Launch(LoginTest.java:19)
... Removed 23 stack frames]]>
    </failure>
  </testcase> <!-- @BeforeSuite Launch -->
  <testcase classname="Btes_HRMTest.LoginTest" name="Check_title" time="0.0">
    <skipped/>
  </testcase> <!-- Check_title -->
  <testcase classname="Btes_HRMTest.LoginTest" name="login_user" time="0.0">
    <skipped/>
  </testcase> <!-- login_user -->
</testsuite> <!-- Test -->
